# JRE version: Java(TM) SE Runtime Environment (8.0_101-b13) (build 1.8.0_101-b13)
# Java VM: Java HotSpot(TM) 64-Bit Server VM (25.101-b13 mixed mode linux-amd64 compressed oops)
Heap:
 PSYoungGen      total 18432K, used 6438K [0x00000000ebe00000, 0x00000000ed280000, 0x0000000100000000)
  eden space 15872K, 24% used [0x00000000ebe00000,0x00000000ec1d1288,0x00000000ecd80000)
  from space 2560K, 98% used [0x00000000ed000000,0x00000000ed2786f0,0x00000000ed280000)
  to   space 2560K, 0% used [0x00000000ecd80000,0x00000000ecd80000,0x00000000ed000000)
 ParOldGen       total 42496K, used 14143K [0x00000000c3a00000, 0x00000000c6380000, 0x00000000ebe00000)
  object space 42496K, 33% used [0x00000000c3a00000,0x00000000c47cfe78,0x00000000c6380000)
 Metaspace       used 25397K, capacity 25656K, committed 25984K, reserved 1073152K
  class space    used 3054K, capacity 3138K, committed 3200K, reserved 1048576K
GC Heap History (10 events):
Event: 9.880 GC heap before
{Heap before GC invocations=1 (full 0):
 PSYoungGen      total 18432K, used 15872K [0x00000000ebe00000, 0x00000000ed280000, 0x0000000100000000)
  eden space 15872K, 100% used [0x00000000ebe00000,0x00000000ecd80000,0x00000000ecd80000)
  from space 2560K, 0% used [0x00000000ed000000,0x00000000ed000000,0x00000000ed280000)
  to   space 2560K, 0% used [0x00000000ecd80000,0x00000000ecd80000,0x00000000ed000000)
 ParOldGen       total 42496K, used 0K [0x00000000c3a00000, 0x00000000c6380000, 0x00000000ebe00000)
  object space 42496K, 0% used [0x00000000c3a00000,0x00000000c3a00000,0x00000000c6380000)
 Metaspace       used 17190K, capacity 17364K, committed 17536K, reserved 1064960K
  class space    used 2048K, capacity 2118K, committed 2176K, reserved 1048576K
Event: 9.904 GC heap after
Heap after GC invocations=1 (full 0):
 PSYoungGen      total 18432K, used 2533K [0x00000000ebe00000, 0x00000000ed280000, 0x0000000100000000)
  eden space 15872K, 0% used [0x00000000ebe00000,0x00000000ebe00000,0x00000000ecd80000)
  from space 2560K, 98% used [0x00000000ecd80000,0x00000000ecff9490,0x00000000ed000000)
  to   space 2560K, 0% used [0x00000000ed000000,0x00000000ed000000,0x00000000ed280000)
 ParOldGen       total 42496K, used 3656K [0x00000000c3a00000, 0x00000000c6380000, 0x00000000ebe00000)
  object space 42496K, 8% used [0x00000000c3a00000,0x00000000c3d92308,0x00000000c6380000)
 Metaspace       used 17190K, capacity 17364K, committed 17536K, reserved 1064960K
  class space    used 2048K, capacity 2118K, committed 2176K, reserved 1048576K
}
Event: 12.468 GC heap before
{Heap before GC invocations=2 (full 0):
 PSYoungGen      total 18432K, used 13194K [0x00000000ebe00000, 0x00000000ed280000, 0x0000000100000000)
  eden space 15872K, 67% used [0x00000000ebe00000,0x00000000ec8696e0,0x00000000ecd80000)
  from space 2560K, 98% used [0x00000000ecd80000,0x00000000ecff9490,0x00000000ed000000)
  to   space 2560K, 0% used [0x00000000ed000000,0x00000000ed000000,0x00000000ed280000)
 ParOldGen       total 42496K, used 3656K [0x00000000c3a00000, 0x00000000c6380000, 0x00000000ebe00000)
  object space 42496K, 8% used [0x00000000c3a00000,0x00000000c3d92308,0x00000000c6380000)
 Metaspace       used 19680K, capacity 19996K, committed 20480K, reserved 1067008K
  class space    used 2343K, capacity 2456K, committed 2560K, reserved 1048576K
Event: 12.506 GC heap after
Heap after GC invocations=2 (full 0):
 PSYoungGen      total 18432K, used 2530K [0x00000000ebe00000, 0x00000000ed280000, 0x0000000100000000)
  eden space 15872K, 0% used [0x00000000ebe00000,0x00000000ebe00000,0x00000000ecd80000)
  from space 2560K, 98% used [0x00000000ed000000,0x00000000ed278a00,0x00000000ed280000)
  to   space 2560K, 0% used [0x00000000ecd80000,0x00000000ecd80000,0x00000000ed000000)
 ParOldGen       total 42496K, used 5789K [0x00000000c3a00000, 0x00000000c6380000, 0x00000000ebe00000)
  object space 42496K, 13% used [0x00000000c3a00000,0x00000000c3fa77d8,0x00000000c6380000)
 Metaspace       used 19680K, capacity 19996K, committed 20480K, reserved 1067008K
  class space    used 2343K, capacity 2456K, committed 2560K, reserved 1048576K
}
Event: 12.506 GC heap before
{Heap before GC invocations=3 (full 1):
 PSYoungGen      total 18432K, used 2530K [0x00000000ebe00000, 0x00000000ed280000, 0x0000000100000000)
  eden space 15872K, 0% used [0x00000000ebe00000,0x00000000ebe00000,0x00000000ecd80000)
  from space 2560K, 98% used [0x00000000ed000000,0x00000000ed278a00,0x00000000ed280000)
  to   space 2560K, 0% used [0x00000000ecd80000,0x00000000ecd80000,0x00000000ed000000)
 ParOldGen       total 42496K, used 5789K [0x00000000c3a00000, 0x00000000c6380000, 0x00000000ebe00000)
  object space 42496K, 13% used [0x00000000c3a00000,0x00000000c3fa77d8,0x00000000c6380000)
 Metaspace       used 19680K, capacity 19996K, committed 20480K, reserved 1067008K
  class space    used 2343K, capacity 2456K, committed 2560K, reserved 1048576K
Event: 12.622 GC heap after
Heap after GC invocations=3 (full 1):
 PSYoungGen      total 18432K, used 0K [0x00000000ebe00000, 0x00000000ed280000, 0x0000000100000000)
  eden space 15872K, 0% used [0x00000000ebe00000,0x00000000ebe00000,0x00000000ecd80000)
  from space 2560K, 0% used [0x00000000ed000000,0x00000000ed000000,0x00000000ed280000)
  to   space 2560K, 0% used [0x00000000ecd80000,0x00000000ecd80000,0x00000000ed000000)
 ParOldGen       total 42496K, used 7725K [0x00000000c3a00000, 0x00000000c6380000, 0x00000000ebe00000)
  object space 42496K, 18% used [0x00000000c3a00000,0x00000000c418b530,0x00000000c6380000)
 Metaspace       used 19680K, capacity 19996K, committed 20480K, reserved 1067008K
  class space    used 2343K, capacity 2456K, committed 2560K, reserved 1048576K
}
Event: 20.097 GC heap before
{Heap before GC invocations=4 (full 1):
 PSYoungGen      total 18432K, used 15872K [0x00000000ebe00000, 0x00000000ed280000, 0x0000000100000000)
  eden space 15872K, 100% used [0x00000000ebe00000,0x00000000ecd80000,0x00000000ecd80000)
  from space 2560K, 0% used [0x00000000ed000000,0x00000000ed000000,0x00000000ed280000)
  to   space 2560K, 0% used [0x00000000ecd80000,0x00000000ecd80000,0x00000000ed000000)
 ParOldGen       total 42496K, used 7725K [0x00000000c3a00000, 0x00000000c6380000, 0x00000000ebe00000)
  object space 42496K, 18% used [0x00000000c3a00000,0x00000000c418b530,0x00000000c6380000)
 Metaspace       used 23452K, capacity 23724K, committed 23936K, reserved 1071104K
  class space    used 2850K, capacity 2944K, committed 2944K, reserved 1048576K
Event: 20.129 GC heap after
Heap after GC invocations=4 (full 1):
 PSYoungGen      total 18432K, used 2126K [0x00000000ebe00000, 0x00000000ed280000, 0x0000000100000000)
  eden space 15872K, 0% used [0x00000000ebe00000,0x00000000ebe00000,0x00000000ecd80000)
  from space 2560K, 83% used [0x00000000ecd80000,0x00000000ecf93b40,0x00000000ed000000)
  to   space 2560K, 0% used [0x00000000ed000000,0x00000000ed000000,0x00000000ed280000)
 ParOldGen       total 42496K, used 12960K [0x00000000c3a00000, 0x00000000c6380000, 0x00000000ebe00000)
  object space 42496K, 30% used [0x00000000c3a00000,0x00000000c46a80c0,0x00000000c6380000)
 Metaspace       used 23452K, capacity 23724K, committed 23936K, reserved 1071104K
  class space    used 2850K, capacity 2944K, committed 2944K, reserved 1048576K
}
Event: 33.101 GC heap before
{Heap before GC invocations=5 (full 1):
 PSYoungGen      total 18432K, used 17998K [0x00000000ebe00000, 0x00000000ed280000, 0x0000000100000000)
  eden space 15872K, 100% used [0x00000000ebe00000,0x00000000ecd80000,0x00000000ecd80000)
  from space 2560K, 83% used [0x00000000ecd80000,0x00000000ecf93b40,0x00000000ed000000)
  to   space 2560K, 0% used [0x00000000ed000000,0x00000000ed000000,0x00000000ed280000)
 ParOldGen       total 42496K, used 12960K [0x00000000c3a00000, 0x00000000c6380000, 0x00000000ebe00000)
  object space 42496K, 30% used [0x00000000c3a00000,0x00000000c46a80c0,0x00000000c6380000)
 Metaspace       used 25208K, capacity 25528K, committed 25984K, reserved 1073152K
  class space    used 3047K, capacity 3138K, committed 3200K, reserved 1048576K
Event: 33.111 GC heap after
Heap after GC invocations=5 (full 1):
 PSYoungGen      total 18432K, used 2529K [0x00000000ebe00000, 0x00000000ed280000, 0x0000000100000000)
  eden space 15872K, 0% used [0x00000000ebe00000,0x00000000ebe00000,0x00000000ecd80000)
  from space 2560K, 98% used [0x00000000ed000000,0x00000000ed2786f0,0x00000000ed280000)
  to   space 2560K, 0% used [0x00000000ecd80000,0x00000000ecd80000,0x00000000ed000000)
 ParOldGen       total 42496K, used 14143K [0x00000000c3a00000, 0x00000000c6380000, 0x00000000ebe00000)
  object space 42496K, 33% used [0x00000000c3a00000,0x00000000c47cfe78,0x00000000c6380000)
 Metaspace       used 25208K, capacity 25528K, committed 25984K, reserved 1073152K
  class space    used 3047K, capacity 3138K, committed 3200K, reserved 1048576K
}

